<?xml version="1.0" encoding="UTF-8"?>
<testsuite name="MainTests" tests="2" skipped="0" failures="0" errors="0" timestamp="2022-10-11T12:55:19" hostname="192.168.1.3" time="0.006">
  <properties/>
  <testcase name="listShouldRemoveIndex()" classname="MainTests" time="0.005"/>
  <testcase name="listShouldHaveStringTest()" classname="MainTests" time="0.0"/>
  <system-out><![CDATA[Tests started
Test started
Test completed
Test started
Test completed
Tests completed
]]></system-out>
  <system-err><![CDATA[]]></system-err>
</testsuite>
